<?xml version="1.0" encoding="UTF-8" ?>
<testsuite tests="71" failures="0" name="runner.TestRunner" time="2.072" errors="0" skipped="0">
  <properties>
[...]
</properties>
  <testcase classname="| Edinburgh | shown |" name="Given the user is in the 5 Weather Forecast page" time="0.002"/>
  <testcase classname="| Edinburgh | shown |" name="When the user enters the city name Edinburgh" time="0"/>
  <testcase classname="| Edinburgh | shown |" name="Then the 5 day weather forecast for the selected city is shown" time="0"/>
  <testcase classname="| Edinburgh | shown |" name="| Edinburgh | shown |" time="0.163"/>
  <testcase classname="| Glasgow | shown |" name="Given the user is in the 5 Weather Forecast page" time="0"/>
  <testcase classname="| Glasgow | shown |" name="When the user enters the city name Glasgow" time="0"/>
  <testcase classname="| Glasgow | shown |" name="Then the 5 day weather forecast for the selected city is shown" time="0"/>
  <testcase classname="| Glasgow | shown |" name="| Glasgow | shown |" time="0.139"/>
  <testcase classname="| Aberdeen | shown |" name="Given the user is in the 5 Weather Forecast page" time="0"/>
  <testcase classname="| Aberdeen | shown |" name="When the user enters the city name Aberdeen" time="0"/>
  <testcase classname="| Aberdeen | shown |" name="Then the 5 day weather forecast for the selected city is shown" time="0"/>
  <testcase classname="| Aberdeen | shown |" name="| Aberdeen | shown |" time="0.14"/>
  <testcase classname="| Dundee | shown |" name="Given the user is in the 5 Weather Forecast page" time="0"/>
  <testcase classname="| Dundee | shown |" name="When the user enters the city name Dundee" time="0"/>
  <testcase classname="| Dundee | shown |" name="Then the 5 day weather forecast for the selected city is shown" time="0"/>
  <testcase classname="| Dundee | shown |" name="| Dundee | shown |" time="0.141"/>
  <testcase classname="| Perth | shown |" name="Given the user is in the 5 Weather Forecast page" time="0"/>
  <testcase classname="| Perth | shown |" name="When the user enters the city name Perth" time="0"/>
  <testcase classname="| Perth | shown |" name="Then the 5 day weather forecast for the selected city is shown" time="0"/>
  <testcase classname="| Perth | shown |" name="| Perth | shown |" time="0.142"/>
  <testcase classname="| Stirling | shown |" name="Given the user is in the 5 Weather Forecast page" time="0"/>
  <testcase classname="| Stirling | shown |" name="When the user enters the city name Stirling" time="0"/>
  <testcase classname="| Stirling | shown |" name="Then the 5 day weather forecast for the selected city is shown" time="0"/>
  <testcase classname="| Stirling | shown |" name="| Stirling | shown |" time="0.143"/>
  <testcase classname="| InvalidName | not shown |" name="Given the user is in the 5 Weather Forecast page" time="0"/>
  <testcase classname="| InvalidName | not shown |" name="When the user enters the city name InvalidName" time="0"/>
  <testcase classname="| InvalidName | not shown |" name="Then the 5 day weather forecast for the selected city is not shown" time="0"/>
  <testcase classname="| InvalidName | not shown |" name="| InvalidName | not shown |" time="0.141"/>
  <testcase classname="Scenario: Verify the different days weather displayed for city of users choice" name="Given the user is in the 5 Weather Forecast page" time="0"/>
  <testcase classname="Scenario: Verify the different days weather displayed for city of users choice" name="When the user enters the city name Edinburgh" time="0"/>
  <testcase classname="Scenario: Verify the different days weather displayed for city of users choice" name="Then the user gets a below days weather forecast for the selected city" time="0"/>
  <testcase classname="Scenario: Verify the different days weather displayed for city of users choice" name="Scenario: Verify the different days weather displayed for city of users choice" time="0.144"/>
  <testcase classname="| Edinburgh | 1 |" name="Given the user is in the 5 Weather Forecast page" time="0"/>
  <testcase classname="| Edinburgh | 1 |" name="When the user enters the city name Edinburgh" time="0"/>
  <testcase classname="| Edinburgh | 1 |" name="And the user clicks on a day 1" time="0"/>
  <testcase classname="| Edinburgh | 1 |" name="Then the detailed weather report for the day 1 is shown" time="0"/>
  <testcase classname="| Edinburgh | 1 |" name="When the user clicks on a day 1" time="0"/>
  <testcase classname="| Edinburgh | 1 |" name="Then the detailed weather report for the day 1 is hidden" time="0"/>
  <testcase classname="| Edinburgh | 1 |" name="| Edinburgh | 1 |" time="0.151"/>
  <testcase classname="| Glasgow | 2 |" name="Given the user is in the 5 Weather Forecast page" time="0"/>
  <testcase classname="| Glasgow | 2 |" name="When the user enters the city name Glasgow" time="0"/>
  <testcase classname="| Glasgow | 2 |" name="And the user clicks on a day 2" time="0"/>
  <testcase classname="| Glasgow | 2 |" name="Then the detailed weather report for the day 2 is shown" time="0"/>
  <testcase classname="| Glasgow | 2 |" name="When the user clicks on a day 2" time="0.001"/>
  <testcase classname="| Glasgow | 2 |" name="Then the detailed weather report for the day 2 is hidden" time="0"/>
  <testcase classname="| Glasgow | 2 |" name="| Glasgow | 2 |" time="0.154"/>
  <testcase classname="| Aberdeen | 3 |" name="Given the user is in the 5 Weather Forecast page" time="0"/>
  <testcase classname="| Aberdeen | 3 |" name="When the user enters the city name Aberdeen" time="0"/>
  <testcase classname="| Aberdeen | 3 |" name="And the user clicks on a day 3" time="0"/>
  <testcase classname="| Aberdeen | 3 |" name="Then the detailed weather report for the day 3 is shown" time="0"/>
  <testcase classname="| Aberdeen | 3 |" name="When the user clicks on a day 3" time="0"/>
  <testcase classname="| Aberdeen | 3 |" name="Then the detailed weather report for the day 3 is hidden" time="0"/>
  <testcase classname="| Aberdeen | 3 |" name="| Aberdeen | 3 |" time="0.153"/>
  <testcase classname="| Stirling | 4 |" name="Given the user is in the 5 Weather Forecast page" time="0"/>
  <testcase classname="| Stirling | 4 |" name="When the user enters the city name Stirling" time="0"/>
  <testcase classname="| Stirling | 4 |" name="And the user clicks on a day 4" time="0"/>
  <testcase classname="| Stirling | 4 |" name="Then the detailed weather report for the day 4 is shown" time="0"/>
  <testcase classname="| Stirling | 4 |" name="When the user clicks on a day 4" time="0"/>
  <testcase classname="| Stirling | 4 |" name="Then the detailed weather report for the day 4 is hidden" time="0"/>
  <testcase classname="| Stirling | 4 |" name="| Stirling | 4 |" time="0.15"/>
  <testcase classname="| Dundee | 5 |" name="Given the user is in the 5 Weather Forecast page" time="0"/>
  <testcase classname="| Dundee | 5 |" name="When the user enters the city name Dundee" time="0"/>
  <testcase classname="| Dundee | 5 |" name="And the user clicks on a day 5" time="0"/>
  <testcase classname="| Dundee | 5 |" name="Then the detailed weather report for the day 5 is shown" time="0"/>
  <testcase classname="| Dundee | 5 |" name="When the user clicks on a day 5" time="0"/>
  <testcase classname="| Dundee | 5 |" name="Then the detailed weather report for the day 5 is hidden" time="0"/>
  <testcase classname="| Dundee | 5 |" name="| Dundee | 5 |" time="0.172"/>
  <testcase classname="Scenario: Verify the summary weather report is correctly displayed" name="Given the user is in the 5 Weather Forecast page" time="0"/>
  <testcase classname="Scenario: Verify the summary weather report is correctly displayed" name="When the 5 day weather forecast for the selected city is shown" time="0"/>
  <testcase classname="Scenario: Verify the summary weather report is correctly displayed" name="Then the summary weather report is correct for the below days" time="0"/>
  <testcase classname="Scenario: Verify the summary weather report is correctly displayed" name="Scenario: Verify the summary weather report is correctly displayed" time="0.136"/>
</testsuite>